<?xml version="1.0" encoding="UTF-8"?>
<testng-results skipped="0" failed="0" total="1" passed="1">
  <reporter-output>
  </reporter-output>
  <suite name="Default suite" duration-ms="7217" started-at="2019-10-16T04:37:47Z" finished-at="2019-10-16T04:37:54Z">
    <groups>
    </groups>
    <test name="Default test" duration-ms="7217" started-at="2019-10-16T04:37:47Z" finished-at="2019-10-16T04:37:54Z">
      <class name="Trends">
        <test-method status="PASS" signature="updatetweets()[pri:0, instance:Trends@5025a98f]" name="updatetweets" duration-ms="7162" started-at="2019-10-16T10:07:47Z" finished-at="2019-10-16T10:07:54Z">
          <reporter-output>
          </reporter-output>
        </test-method> <!-- updatetweets -->
      </class> <!-- Trends -->
    </test> <!-- Default test -->
  </suite> <!-- Default suite -->
</testng-results>
